d:\visualstudioprojects\tp2\punchoutproject\debug\vc120.pdb
d:\visualstudioprojects\tp2\punchoutproject\debug\vc120.idb
d:\visualstudioprojects\tp2\punchoutproject\debug\glassjoe.obj
d:\visualstudioprojects\tp2\punchoutproject\debug\hearts.obj
d:\visualstudioprojects\tp2\punchoutproject\debug\littlemac.obj
d:\visualstudioprojects\tp2\punchoutproject\debug\marioref.obj
d:\visualstudioprojects\tp2\punchoutproject\debug\stage.obj
d:\visualstudioprojects\tp2\punchoutproject\debug\punchouttimer.obj
d:\visualstudioprojects\tp2\punchoutproject\debug\source.obj
d:\visualstudioprojects\tp2\punchoutproject\debug\stars.obj
d:\visualstudioprojects\tp2\punchoutproject\debug\points.obj
c:\ecole\progavancee\tp2\punchoutproject\debug\vc120.pdb
c:\ecole\progavancee\tp2\punchoutproject\debug\vc120.idb
c:\ecole\progavancee\tp2\punchoutproject\punchoutproject\debug\vc120.pdb
c:\ecole\progavancee\tp2\punchoutproject\punchoutproject\debug\vc120.idb
c:\ecole\progavancee\tp2\punchoutproject\punchoutproject\debug\glassjoe.obj
c:\ecole\progavancee\tp2\punchoutproject\punchoutproject\debug\hearts.obj
c:\ecole\progavancee\tp2\punchoutproject\punchoutproject\debug\marioref.obj
c:\ecole\progavancee\tp2\punchoutproject\punchoutproject\debug\points.obj
c:\ecole\progavancee\tp2\punchoutproject\punchoutproject\debug\stage.obj
c:\ecole\progavancee\tp2\punchoutproject\punchoutproject\debug\punchouttimer.obj
c:\ecole\progavancee\tp2\punchoutproject\punchoutproject\debug\stars.obj
d:\visualstudioprojects\tp2\debug\tp2.ilk
d:\visualstudioprojects\tp2\debug\tp2.exe
d:\visualstudioprojects\tp2\debug\tp2.pdb
c:\ecole\progavancee\tp2\punchoutproject\punchoutproject\debug\tp2.vcxprojresolveassemblyreference.cache
c:\ecole\progavancee\tp2\punchoutproject\punchoutproject\debug\testenvironment.ilk
c:\ecole\progavancee\tp2\punchoutproject\punchoutproject\debug\testenvironment.pdb
c:\ecole\progavancee\tp2\punchoutproject\punchoutproject\debug\tp2.tlog\cl.command.1.tlog
c:\ecole\progavancee\tp2\punchoutproject\punchoutproject\debug\tp2.tlog\cl.read.1.tlog
c:\ecole\progavancee\tp2\punchoutproject\punchoutproject\debug\tp2.tlog\cl.write.1.tlog
c:\ecole\progavancee\tp2\punchoutproject\punchoutproject\debug\tp2.tlog\link.command.1.tlog
c:\ecole\progavancee\tp2\punchoutproject\punchoutproject\debug\tp2.tlog\link.read.1.tlog
c:\ecole\progavancee\tp2\punchoutproject\punchoutproject\debug\tp2.tlog\link.write.1.tlog
