Build started 2015-04-23 20:03:40.
     1>Project "C:\ECOLE\PROGAVANCEE\TP2\PunchOutProject\PunchOutProject\TP2.vcxproj" on node 2 (Build target(s)).
     1>ClCompile:
         C:\Program Files (x86)\Microsoft Visual Studio 12.0\VC\bin\CL.exe /c /ZI /nologo /W3 /WX- /Od /Oy- /D WIN32 /D _DEBUG /D _CONSOLE /D _LIB /D _UNICODE /D UNICODE /Gm /EHsc /RTC1 /MDd /GS /fp:precise /Zc:wchar_t /Zc:forScope /Fo"Debug\\" /Fd"Debug\vc120.pdb" /Gd /TP /analyze- /errorReport:prompt Source.cpp
         Source.cpp
       Link:
         C:\Program Files (x86)\Microsoft Visual Studio 12.0\VC\bin\link.exe /ERRORREPORT:PROMPT /OUT:"C:\ECOLE\PROGAVANCEE\TP2\PunchOutProject\PunchOutProject\Debug\TP2.exe" /INCREMENTAL /NOLOGO SDL2.lib SDL2main.lib SDL2_image.lib SDL2_mixer.lib SDL2_ttf.lib kernel32.lib user32.lib gdi32.lib winspool.lib comdlg32.lib advapi32.lib shell32.lib ole32.lib oleaut32.lib uuid.lib odbc32.lib odbccp32.lib /MANIFEST /MANIFESTUAC:"level='asInvoker' uiAccess='false'" /manifest:embed /DEBUG /PDB:"C:\ECOLE\PROGAVANCEE\TP2\PunchOutProject\PunchOutProject\Debug\TP2.pdb" /SUBSYSTEM:CONSOLE /TLBID:1 /DYNAMICBASE /NXCOMPAT /IMPLIB:"C:\ECOLE\PROGAVANCEE\TP2\PunchOutProject\PunchOutProject\Debug\TP2.lib" /MACHINE:X86 Debug\Glassjoe.obj
         Debug\GlassJoeHealth.obj
         Debug\Hearts.obj
         Debug\Littlemac.obj
         Debug\LittleMacHealth.obj
         Debug\Marioref.obj
         Debug\Points.obj
         Debug\Source.obj
         Debug\Stage.obj
         Debug\PunchOutTimer.obj
         Debug\Stars.obj
         C:\ECOLE\PROGAVANCEE\TP2\PunchOutProject\PunchOutProject\Debug\Core.lib
         TP2.vcxproj -> C:\ECOLE\PROGAVANCEE\TP2\PunchOutProject\PunchOutProject\Debug\TP2.exe
     1>Done Building Project "C:\ECOLE\PROGAVANCEE\TP2\PunchOutProject\PunchOutProject\TP2.vcxproj" (Build target(s)).

Build succeeded.

Time Elapsed 00:00:01.23
